app/manifest-merger-release-report.txt
-- Merging decision tree log ---
manifest
ADDED from AndroidManifest.xml:2:1
	package
		ADDED from AndroidManifest.xml:3:5
		INJECTED from AndroidManifest.xml:0:0
		INJECTED from AndroidManifest.xml:0:0
	android:versionName
		INJECTED from AndroidManifest.xml:0:0
		INJECTED from AndroidManifest.xml:0:0
	xmlns:android
		ADDED from AndroidManifest.xml:2:11
	android:versionCode
		INJECTED from AndroidManifest.xml:0:0
		INJECTED from AndroidManifest.xml:0:0
	android:installLocation
		ADDED from AndroidManifest.xml:4:5
application
ADDED from AndroidManifest.xml:6:5
MERGED from com.android.support:appcompat-v7:20.0.0:17:5
MERGED from com.android.support:support-v4:20.0.0:17:5
MERGED from com.android.support:support-v4:20.0.0:17:5
MERGED from com.android.support:support-v4:20.0.0:17:5
MERGED from com.android.support:support-v4:20.0.0:17:5
MERGED from com.commonsware.cwac:wakeful:1.0.5:11:5
	android:label
		ADDED from AndroidManifest.xml:9:9
	android:allowBackup
		ADDED from AndroidManifest.xml:7:9
	android:icon
		ADDED from AndroidManifest.xml:8:9
activity#com.dmasnig.udcreate.activities.Startup
ADDED from AndroidManifest.xml:11:9
	android:screenOrientation
		ADDED from AndroidManifest.xml:14:13
	android:label
		ADDED from AndroidManifest.xml:13:13
	android:theme
		ADDED from AndroidManifest.xml:15:13
	android:name
		ADDED from AndroidManifest.xml:12:13
intent-filter#android.intent.action.MAIN+android.intent.category.LAUNCHER
ADDED from AndroidManifest.xml:16:13
action#android.intent.action.MAIN
ADDED from AndroidManifest.xml:17:17
	android:name
		ADDED from AndroidManifest.xml:17:25
category#android.intent.category.LAUNCHER
ADDED from AndroidManifest.xml:18:17
	android:name
		ADDED from AndroidManifest.xml:18:27
activity#com.dmasnig.udcreate.activities.Register
ADDED from AndroidManifest.xml:22:9
	android:screenOrientation
		ADDED from AndroidManifest.xml:24:19
	android:label
		ADDED from AndroidManifest.xml:23:19
	android:noHistory
		ADDED from AndroidManifest.xml:25:19
	android:theme
		ADDED from AndroidManifest.xml:26:19
	android:name
		ADDED from AndroidManifest.xml:22:19
intent-filter#android.intent.action.MAIN+android.intent.category.DEFAULT
ADDED from AndroidManifest.xml:27:13
category#android.intent.category.DEFAULT
ADDED from AndroidManifest.xml:29:17
	android:name
		ADDED from AndroidManifest.xml:29:27
activity#com.dmasnig.udcreate.activities.BaseActivity
ADDED from AndroidManifest.xml:33:9
	android:screenOrientation
		ADDED from AndroidManifest.xml:35:19
	android:label
		ADDED from AndroidManifest.xml:34:19
	android:alwaysRetainTaskState
		ADDED from AndroidManifest.xml:36:19
	android:theme
		ADDED from AndroidManifest.xml:37:19
	android:name
		ADDED from AndroidManifest.xml:33:19
activity#com.dmasnig.udcreate.activities.Login
ADDED from AndroidManifest.xml:45:9
	android:screenOrientation
		ADDED from AndroidManifest.xml:47:19
	android:label
		ADDED from AndroidManifest.xml:46:19
	android:noHistory
		ADDED from AndroidManifest.xml:48:19
	android:theme
		ADDED from AndroidManifest.xml:49:19
	android:name
		ADDED from AndroidManifest.xml:45:19
activity#com.dmasnig.udcreate.activities.AboutDivineMercy
ADDED from AndroidManifest.xml:56:9
	android:screenOrientation
		ADDED from AndroidManifest.xml:58:19
	android:label
		ADDED from AndroidManifest.xml:57:19
	android:theme
		ADDED from AndroidManifest.xml:59:19
	android:name
		ADDED from AndroidManifest.xml:56:19
activity#com.dmasnig.udcreate.activities.ThreeOclockPrayer
ADDED from AndroidManifest.xml:66:9
	android:screenOrientation
		ADDED from AndroidManifest.xml:68:19
	android:label
		ADDED from AndroidManifest.xml:67:19
	android:theme
		ADDED from AndroidManifest.xml:69:19
	android:name
		ADDED from AndroidManifest.xml:66:19
activity#com.dmasnig.udcreate.activities.NovenaPrayers
ADDED from AndroidManifest.xml:76:9
	android:screenOrientation
		ADDED from AndroidManifest.xml:78:19
	android:label
		ADDED from AndroidManifest.xml:77:19
	android:theme
		ADDED from AndroidManifest.xml:79:19
	android:name
		ADDED from AndroidManifest.xml:76:19
activity#com.dmasnig.udcreate.activities.SettingsList
ADDED from AndroidManifest.xml:86:9
	android:screenOrientation
		ADDED from AndroidManifest.xml:88:19
	android:label
		ADDED from AndroidManifest.xml:87:19
	android:theme
		ADDED from AndroidManifest.xml:89:19
	android:name
		ADDED from AndroidManifest.xml:86:19
activity#com.dmasnig.udcreate.activities.MyAccount
ADDED from AndroidManifest.xml:96:9
	android:screenOrientation
		ADDED from AndroidManifest.xml:98:19
	android:label
		ADDED from AndroidManifest.xml:97:19
	android:theme
		ADDED from AndroidManifest.xml:99:19
	android:name
		ADDED from AndroidManifest.xml:96:19
activity#com.dmasnig.udcreate.activities.About
ADDED from AndroidManifest.xml:106:9
	android:screenOrientation
		ADDED from AndroidManifest.xml:108:19
	android:label
		ADDED from AndroidManifest.xml:107:19
	android:theme
		ADDED from AndroidManifest.xml:109:19
	android:name
		ADDED from AndroidManifest.xml:106:19
receiver#com.dmasnig.udcreate.recievers.GcmBroadcastReceiver
ADDED from AndroidManifest.xml:116:9
	android:permission
		ADDED from AndroidManifest.xml:118:13
	android:name
		ADDED from AndroidManifest.xml:117:13
intent-filter#com.example.gcm+com.google.android.c2dm.intent.RECEIVE
ADDED from AndroidManifest.xml:119:13
action#com.google.android.c2dm.intent.RECEIVE
ADDED from AndroidManifest.xml:120:17
	android:name
		ADDED from AndroidManifest.xml:120:25
category#com.example.gcm
ADDED from AndroidManifest.xml:121:17
	android:name
		ADDED from AndroidManifest.xml:121:27
service#com.dmasnig.udcreate.services.GcmIntentService
ADDED from AndroidManifest.xml:124:9
	android:name
		ADDED from AndroidManifest.xml:124:18
service#com.dmasnig.udcreate.services.BackgroundService
ADDED from AndroidManifest.xml:126:9
	android:name
		ADDED from AndroidManifest.xml:126:18
receiver#com.commonsware.cwac.wakeful.AlarmReceiver
ADDED from AndroidManifest.xml:127:9
	android:name
		ADDED from AndroidManifest.xml:127:19
intent-filter#android.intent.action.BOOT_COMPLETED
ADDED from AndroidManifest.xml:128:13
action#android.intent.action.BOOT_COMPLETED
ADDED from AndroidManifest.xml:129:17
	android:name
		ADDED from AndroidManifest.xml:129:25
meta-data#com.commonsware.cwac.wakeful
ADDED from AndroidManifest.xml:132:13
	android:resource
		ADDED from AndroidManifest.xml:134:17
	android:name
		ADDED from AndroidManifest.xml:133:17
receiver#com.dmasnig.udcreate.recievers.ConnectivityReceiver
ADDED from AndroidManifest.xml:136:9
	android:enabled
		ADDED from AndroidManifest.xml:138:13
	android:name
		ADDED from AndroidManifest.xml:137:13
intent-filter#android.net.conn.CONNECTIVITY_CHANGE
ADDED from AndroidManifest.xml:139:13
action#android.net.conn.CONNECTIVITY_CHANGE
ADDED from AndroidManifest.xml:140:17
	android:name
		ADDED from AndroidManifest.xml:140:25
supports-screens
ADDED from AndroidManifest.xml:146:5
	android:largeScreens
		ADDED from AndroidManifest.xml:147:23
	android:smallScreens
		ADDED from AndroidManifest.xml:149:23
	android:normalScreens
		ADDED from AndroidManifest.xml:148:23
	android:xlargeScreens
		ADDED from AndroidManifest.xml:146:23
	android:anyDensity
		ADDED from AndroidManifest.xml:150:23
uses-permission#android.permission.INTERNET
ADDED from AndroidManifest.xml:152:5
	android:name
		ADDED from AndroidManifest.xml:152:22
uses-permission#android.permission.GET_ACCOUNTS
ADDED from AndroidManifest.xml:153:5
	android:name
		ADDED from AndroidManifest.xml:153:22
uses-permission#android.permission.WAKE_LOCK
ADDED from AndroidManifest.xml:154:5
MERGED from com.commonsware.cwac:wakeful:1.0.5:9:5
	android:name
		ADDED from AndroidManifest.xml:154:22
uses-permission#android.permission.ACCESS_NETWORK_STATE
ADDED from AndroidManifest.xml:155:5
	android:name
		ADDED from AndroidManifest.xml:155:22
uses-permission#com.example.gcm.permission.C2D_MESSAGE
ADDED from AndroidManifest.xml:156:5
	android:name
		ADDED from AndroidManifest.xml:156:22
uses-permission#android.permission.WRITE_EXTERNAL_STORAGE
ADDED from AndroidManifest.xml:157:5
	android:name
		ADDED from AndroidManifest.xml:157:22
uses-permission#android.permission.READ_EXTERNAL_STORAGE
ADDED from AndroidManifest.xml:158:5
	android:name
		ADDED from AndroidManifest.xml:158:22
uses-permission#android.permission.VIBRATE
ADDED from AndroidManifest.xml:159:5
	android:name
		ADDED from AndroidManifest.xml:159:22
uses-permission#android.permission.READ_PHONE_STATE
ADDED from AndroidManifest.xml:160:5
	android:name
		ADDED from AndroidManifest.xml:160:22
uses-permission#android.permission.RECEIVE_BOOT_COMPLETED
ADDED from AndroidManifest.xml:161:5
	android:name
		ADDED from AndroidManifest.xml:161:22
uses-permission#com.google.android.c2dm.permission.RECEIVE
ADDED from AndroidManifest.xml:163:5
	android:name
		ADDED from AndroidManifest.xml:163:22
permission#com.example.gcm.permission.C2D_MESSAGE
ADDED from AndroidManifest.xml:164:5
	android:protectionLevel
		ADDED from AndroidManifest.xml:165:17
	android:name
		ADDED from AndroidManifest.xml:164:17
uses-sdk
INJECTED from AndroidManifest.xml:0:0 reason: use-sdk injection requested
MERGED from com.android.support:appcompat-v7:20.0.0:16:5
MERGED from com.android.support:support-v4:20.0.0:16:5
MERGED from com.android.support:support-v4:20.0.0:16:5
MERGED from com.google.android.gms:play-services:3.1.59:7:5
MERGED from com.android.support:support-v4:20.0.0:16:5
MERGED from com.github.rampo.updatechecker:library:2.1.4:7:5
MERGED from com.android.support:support-v4:20.0.0:16:5
MERGED from com.commonsware.cwac:wakeful:1.0.5:7:5
	android:targetSdkVersion
		INJECTED from AndroidManifest.xml:0:0
		INJECTED from AndroidManifest.xml:0:0
	android:minSdkVersion
		INJECTED from AndroidManifest.xml:0:0
		INJECTED from AndroidManifest.xml:0:0